<?xml version="1.0" encoding="UTF-8"?>
<!-- Generated by org.testng.reporters.JUnitReportReporter -->
<testsuite hostname="DESKTOP-99N73JI" failures="0" tests="1" name="tc.storelogin" time="11.788" errors="0" timestamp="01 Feb 2021 11:19:17 GMT" skipped="0">
  <testcase classname="tc.storelogin" name="userlogin" time="11.788"/>
</testsuite> <!-- tc.storelogin -->
