<?xml version="1.0" encoding="UTF-8"?>
<!-- Generated by org.testng.reporters.JUnitReportReporter -->
<testsuite hostname="DESKTOP-99N73JI" failures="0" tests="1" name="p5.p5.loginpage5" time="18.205" errors="0" timestamp="01 Feb 2021 10:27:28 GMT" skipped="0">
  <testcase classname="p5.p5.loginpage5" name="loginverify5" time="18.205"/>
</testsuite> <!-- p5.p5.loginpage5 -->
