<?xml version="1.0" encoding="UTF-8"?>
<!-- Generated by org.testng.reporters.JUnitReportReporter -->
<testsuite hostname="DESKTOP-99N73JI" failures="0" tests="1" name="p5.p5.womenmenu" time="13.080" errors="0" timestamp="21 Jan 2021 14:40:14 GMT" skipped="0">
  <testcase classname="p5.p5.womenmenu" name="women" time="13.080"/>
</testsuite> <!-- p5.p5.womenmenu -->
