<?xml version="1.0" encoding="UTF-8"?>
<!-- Generated by org.testng.reporters.JUnitReportReporter -->
<testsuite hostname="DESKTOP-99N73JI" failures="0" tests="1" name="p5.p5.search5" time="17.442" errors="0" timestamp="21 Jan 2021 12:04:00 GMT" skipped="0">
  <testcase classname="p5.p5.search5" name="search" time="17.442"/>
</testsuite> <!-- p5.p5.search5 -->
