<?xml version="1.0" encoding="UTF-8"?>
<!-- Generated by org.testng.reporters.JUnitReportReporter -->
<testsuite hostname="DESKTOP-99N73JI" failures="0" tests="1" name="tc.h2page" time="8.399" errors="0" timestamp="2021-02-08T22:03:33 IST" skipped="0">
  <testcase classname="tc.h2page" name="h2test" time="8.399"/>
</testsuite> <!-- tc.h2page -->
