<?xml version="1.0" encoding="UTF-8"?>
<!-- Generated by org.testng.reporters.JUnitReportReporter -->
<testsuite hostname="DESKTOP-99N73JI" failures="0" tests="1" name="tc.h2page" time="8.832" errors="0" timestamp="2021-02-09T14:05:01 IST" skipped="0">
  <testcase classname="tc.h2page" name="h2test" time="8.832"/>
</testsuite> <!-- tc.h2page -->
