<?xml version="1.0" encoding="UTF-8"?>
<!-- Generated by org.testng.reporters.JUnitReportReporter -->
<testsuite hostname="DESKTOP-99N73JI" failures="0" tests="1" name="phpmaven1.phpmaven1.loginphp" time="9.891" errors="0" timestamp="26 Jan 2021 14:44:21 GMT" skipped="0">
  <testcase classname="phpmaven1.phpmaven1.loginphp" name="login1" time="9.891"/>
</testsuite> <!-- phpmaven1.phpmaven1.loginphp -->
