<?xml version="1.0" encoding="UTF-8"?>
<!-- Generated by org.testng.reporters.JUnitReportReporter -->
<testsuite hostname="DESKTOP-99N73JI" failures="0" tests="1" name="tc.edgehome" time="8.371" errors="0" timestamp="2021-02-09T14:22:03 IST" skipped="0">
  <testcase classname="tc.edgehome" name="login1" time="8.371"/>
</testsuite> <!-- tc.edgehome -->
