<?xml version="1.0" encoding="UTF-8"?>
<!-- Generated by org.testng.reporters.JUnitReportReporter -->
<testsuite hostname="DESKTOP-99N73JI" failures="0" tests="1" name="logintest.loginverify" time="11.149" errors="0" timestamp="26 Dec 2020 10:25:27 GMT" skipped="0">
  <testcase classname="logintest.loginverify" name="usertest" time="11.149"/>
</testsuite> <!-- logintest.loginverify -->
