<?xml version="1.0" encoding="UTF-8"?>
<!-- Generated by org.testng.reporters.JUnitReportReporter -->
<testsuite hostname="DESKTOP-99N73JI" failures="0" tests="1" name="amazontc.amazontc_homepage" time="14.114" errors="0" timestamp="24 Jan 2021 09:30:03 GMT" skipped="0">
  <testcase classname="amazontc.amazontc_homepage" name="amazonhomevalidate" time="14.114"/>
</testsuite> <!-- amazontc.amazontc_homepage -->
