<?xml version="1.0" encoding="UTF-8"?>
<!-- Generated by org.testng.reporters.JUnitReportReporter -->
<testsuite hostname="DESKTOP-99N73JI" failures="0" tests="1" name="flpkartproject.flipkartproject.flipkarttclogin" time="13.809" errors="0" timestamp="2021-01-27T20:16:06 IST" skipped="0">
  <testcase classname="flpkartproject.flipkartproject.flipkarttclogin" name="verify" time="13.809"/>
  <system-out/>
</testsuite> <!-- flpkartproject.flipkartproject.flipkarttclogin -->
