<?xml version="1.0" encoding="UTF-8"?>
<!-- Generated by org.testng.reporters.JUnitReportReporter -->
<testsuite hostname="DESKTOP-99N73JI" failures="0" tests="1" name="a1.po.po_a1homepage" time="7.989" errors="0" timestamp="25 Jan 2021 10:11:31 GMT" skipped="0">
  <testcase classname="a1.po.po_a1homepage" name="search" time="7.989"/>
</testsuite> <!-- a1.po.po_a1homepage -->
