<?xml version="1.0" encoding="UTF-8"?>
<!-- Generated by org.testng.reporters.JUnitReportReporter -->
<testsuite hostname="DESKTOP-99N73JI" failures="0" tests="1" name="tc.tc_f1homepage3" time="8.240" errors="0" timestamp="2021-01-31T15:00:10 IST" skipped="0">
  <testcase classname="tc.tc_f1homepage3" name="ftest" time="8.240"/>
  <system-out/>
</testsuite> <!-- tc.tc_f1homepage3 -->
