<?xml version="1.0" encoding="UTF-8"?>
<!-- Generated by org.testng.reporters.JUnitReportReporter -->
<testsuite hostname="DESKTOP-99N73JI" failures="0" tests="1" name="tc.qhomepage" time="8.166" errors="0" timestamp="2021-02-07T18:57:19 IST" skipped="0">
  <testcase classname="tc.qhomepage" name="qlogin" time="8.166"/>
</testsuite> <!-- tc.qhomepage -->
