<?xml version="1.0" encoding="UTF-8"?>
<!-- Generated by org.testng.reporters.JUnitReportReporter -->
<testsuite hostname="DESKTOP-99N73JI" failures="0" tests="1" name="tc.tc_homepage1" time="9.555" errors="0" timestamp="2021-02-06T16:37:15 IST" skipped="0">
  <testcase classname="tc.tc_homepage1" name="open" time="9.555"/>
</testsuite> <!-- tc.tc_homepage1 -->
